<?xml version="1.0" encoding="UTF-8"?>
<testng-results skipped="0" failed="0" ignored="1" total="2" passed="1">
  <reporter-output>
  </reporter-output>
  <suite name="Single Test Suite" duration-ms="6523" started-at="2018-08-17T05:12:55Z" finished-at="2018-08-17T05:13:01Z">
    <groups>
      <group name="single">
        <method signature="ShoppingCartTest.shoppingCartSingleTest()[pri:0, instance:ShoppingCartTest@4c203ea1]" name="shoppingCartSingleTest" class="ShoppingCartTest"/>
      </group> <!-- single -->
    </groups>
    <test name="Single Test" duration-ms="6523" started-at="2018-08-17T05:12:55Z" finished-at="2018-08-17T05:13:01Z">
      <class name="ShoppingCartTest">
        <test-method status="PASS" signature="setUp()[pri:0, instance:ShoppingCartTest@4c203ea1]" name="setUp" is-config="true" duration-ms="1221" started-at="2018-08-16T23:12:55Z" finished-at="2018-08-16T23:12:56Z">
          <reporter-output>
          </reporter-output>
        </test-method> <!-- setUp -->
        <test-method status="PASS" signature="shoppingCartSingleTest()[pri:0, instance:ShoppingCartTest@4c203ea1]" name="shoppingCartSingleTest" duration-ms="5165" started-at="2018-08-16T23:12:56Z" finished-at="2018-08-16T23:13:01Z">
          <reporter-output>
          </reporter-output>
        </test-method> <!-- shoppingCartSingleTest -->
        <test-method status="PASS" signature="tearDown()[pri:0, instance:ShoppingCartTest@4c203ea1]" name="tearDown" is-config="true" duration-ms="118" started-at="2018-08-16T23:13:01Z" finished-at="2018-08-16T23:13:01Z">
          <reporter-output>
          </reporter-output>
        </test-method> <!-- tearDown -->
      </class> <!-- ShoppingCartTest -->
    </test> <!-- Single Test -->
  </suite> <!-- Single Test Suite -->
</testng-results>
